Arguments: 
  /usr/local/bin/node /snap/node/6742/bin/yarn.js add apollo-server-express bcrypt dotenv express graphql graph-iso-date nodemon jsonwebtoken gravatar

PATH: 
  /home/rashad/.meteor:/home/rashad/.meteor:/usr/local/sbin:/usr/local/bin:/usr/sbin:/usr/bin:/sbin:/bin:/usr/games:/usr/local/games:/snap/bin

Yarn version: 
  1.22.19

Node version: 
  16.17.1

Platform: 
  linux x64

Trace: 
  Error: https://registry.yarnpkg.com/graph-iso-date: Not found
      at Request.params.callback [as _callback] (/snap/node/6742/lib/cli.js:66145:18)
      at Request.self.callback (/snap/node/6742/lib/cli.js:140890:22)
      at Request.emit (node:events:513:28)
      at Request.<anonymous> (/snap/node/6742/lib/cli.js:141862:10)
      at Request.emit (node:events:513:28)
      at IncomingMessage.<anonymous> (/snap/node/6742/lib/cli.js:141784:12)
      at Object.onceWrapper (node:events:627:28)
      at IncomingMessage.emit (node:events:525:35)
      at endReadableNT (node:internal/streams/readable:1358:12)
      at processTicksAndRejections (node:internal/process/task_queues:83:21)

npm manifest: 
  {
    "name": "pharmhub",
    "version": "1.0.0",
    "main": "index.js",
    "author": "Rashad Muntar",
    "license": "MIT"
  }

yarn manifest: 
  No manifest

Lockfile: 
  No lockfile
